RUN	computerdatabase.ComputerDatabaseSimulation	computerdatabasesimulation	1668587259343	 	3.8.4
USER	Users	START	1668587261702
USER	Admins	START	1668587261702
USER	Users	START	1668587262629
REQUEST		Home	1668587261687	1668587262699	OK	 
REQUEST		Home	1668587261691	1668587262697	OK	 
REQUEST		Home Redirect 1	1668587262718	1668587262963	OK	 
REQUEST		Home Redirect 1	1668587262720	1668587262963	OK	 
REQUEST		Home	1668587262626	1668587263528	OK	 
USER	Users	START	1668587263630
REQUEST		Home Redirect 1	1668587263529	1668587263829	OK	 
REQUEST		Search	1668587263992	1668587264215	OK	 
REQUEST		Search	1668587263991	1668587264212	OK	 
REQUEST		Home	1668587263627	1668587264511	OK	 
USER	Users	START	1668587264620
REQUEST		Home Redirect 1	1668587264511	1668587264812	OK	 
REQUEST		Search	1668587264832	1668587265055	OK	 
REQUEST		Select	1668587265323	1668587265568	OK	 
REQUEST		Select	1668587265323	1668587265568	OK	 
USER	Users	START	1668587265619
REQUEST		Home	1668587264618	1668587265795	OK	 
REQUEST		Home Redirect 1	1668587265796	1668587266028	OK	 
REQUEST		Search	1668587265814	1668587266035	OK	 
REQUEST		Select	1668587266067	1668587266290	OK	 
REQUEST		Home	1668587265617	1668587266520	OK	 
USER	Admins	START	1668587266619
USER	Users	START	1668587266621
REQUEST		Home Redirect 1	1668587266522	1668587266773	OK	 
REQUEST		Page 0	1668587266586	1668587266816	OK	 
REQUEST		Page 0	1668587266586	1668587266817	OK	 
REQUEST		Search	1668587267031	1668587267252	OK	 
REQUEST		Select	1668587267047	1668587267264	OK	 
REQUEST		Home	1668587266618	1668587267486	OK	 
REQUEST		Page 0	1668587267294	1668587267511	OK	 
REQUEST		Home	1668587266618	1668587267543	OK	 
USER	Users	START	1668587267618
REQUEST		Home Redirect 1	1668587267487	1668587267717	OK	 
REQUEST		Home Redirect 1	1668587267544	1668587267779	OK	 
REQUEST		Search	1668587267778	1668587268005	OK	 
REQUEST		Page 1	1668587267823	1668587268046	OK	 
REQUEST		Page 1	1668587267823	1668587268048	OK	 
REQUEST		Select	1668587268261	1668587268480	OK	 
REQUEST		Page 0	1668587268266	1668587268484	OK	 
REQUEST		Home	1668587267617	1668587268508	OK	 
USER	Users	START	1668587268618
REQUEST		Home Redirect 1	1668587268509	1668587268756	OK	 
REQUEST		Page 1	1668587268512	1668587268756	OK	 
REQUEST		Search	1668587268719	1668587268942	OK	 
REQUEST		Search	1668587268781	1668587269007	OK	 
REQUEST		Page 2	1668587269049	1668587269277	OK	 
REQUEST		Page 2	1668587269049	1668587269277	OK	 
REQUEST		Select	1668587269013	1668587269280	OK	 
REQUEST		Home	1668587268617	1668587269491	OK	 
USER	Users	START	1668587269618
REQUEST		Page 0	1668587269482	1668587269700	OK	 
REQUEST		Page 1	1668587269485	1668587269706	OK	 
REQUEST		Home Redirect 1	1668587269491	1668587269710	OK	 
REQUEST		Page 2	1668587269759	1668587269975	OK	 
REQUEST		Search	1668587269759	1668587269981	OK	 
REQUEST		Select	1668587269947	1668587270163	OK	 
REQUEST		Select	1668587270012	1668587270236	OK	 
REQUEST		Page 3	1668587270280	1668587270501	OK	 
REQUEST		Home	1668587269617	1668587270501	OK	 
REQUEST		Page 3	1668587270279	1668587270501	OK	 
REQUEST		Page 0	1668587270281	1668587270504	OK	 
USER	Users	START	1668587270618
REQUEST		Home Redirect 1	1668587270503	1668587270730	OK	 
REQUEST		Page 1	1668587270701	1668587270920	OK	 
REQUEST		Page 2	1668587270708	1668587270925	OK	 
REQUEST		Search	1668587270711	1668587270928	OK	 
REQUEST		Page 3	1668587270977	1668587271194	OK	 
REQUEST		Select	1668587270985	1668587271208	OK	 
REQUEST		Page 0	1668587271165	1668587271380	OK	 
REQUEST		Page 0	1668587271238	1668587271460	OK	 
REQUEST		Home	1668587270617	1668587271501	OK	 
USER	Users	END	1668587271508
REQUEST		Form	1668587271504	1668587271741	OK	 
REQUEST		Page 1	1668587271507	1668587271742	OK	 
REQUEST		Home Redirect 1	1668587271501	1668587271743	OK	 
REQUEST		Search	1668587271732	1668587271953	OK	 
REQUEST		Page 2	1668587271922	1668587272140	OK	 
REQUEST		Page 3	1668587271927	1668587272143	OK	 
REQUEST		Select	1668587271932	1668587272148	OK	 
USER	Users	END	1668587272196
REQUEST		Page 0	1668587272209	1668587272433	OK	 
REQUEST		Page 1	1668587272382	1668587272598	OK	 
REQUEST		Page 1	1668587272461	1668587272683	OK	 
REQUEST		Page 2	1668587272743	1668587272966	OK	 
REQUEST		Post	1668587272748	1668587272967	OK	 
REQUEST		Search	1668587272751	1668587272982	OK	 
USER	Users	END	1668587273145
REQUEST		Select	1668587272957	1668587273179	OK	 
REQUEST		Post Redirect 1	1668587272981	1668587273206	OK	 
USER	Admins	END	1668587273211
REQUEST		Page 3	1668587273142	1668587273361	OK	 
REQUEST		Page 0	1668587273150	1668587273368	OK	 
REQUEST		Page 1	1668587273435	1668587273659	OK	 
REQUEST		Page 2	1668587273600	1668587273817	OK	 
REQUEST		Page 2	1668587273684	1668587273906	OK	 
REQUEST		Page 3	1668587273967	1668587274190	OK	 
REQUEST		Select	1668587273985	1668587274245	OK	 
USER	Users	END	1668587274363
REQUEST		Page 0	1668587274180	1668587274406	OK	 
REQUEST		Page 1	1668587274370	1668587274587	OK	 
REQUEST		Page 2	1668587274662	1668587274884	OK	 
USER	Users	END	1668587275193
REQUEST		Page 3	1668587274907	1668587275235	OK	 
REQUEST		Page 3	1668587274818	1668587275235	OK	 
REQUEST		Page 0	1668587275247	1668587275468	OK	 
REQUEST		Page 1	1668587275408	1668587275630	OK	 
REQUEST		Page 2	1668587275590	1668587275813	OK	 
REQUEST		Page 3	1668587275886	1668587276107	OK	 
USER	Users	END	1668587276238
REQUEST		Form	1668587276237	1668587276458	OK	 
REQUEST		Page 1	1668587276471	1668587276694	OK	 
REQUEST		Page 2	1668587276631	1668587276854	OK	 
REQUEST		Page 3	1668587276814	1668587277033	OK	 
USER	Users	END	1668587277110
REQUEST		Post	1668587277460	1668587277679	OK	 
REQUEST		Post Redirect 1	1668587277680	1668587277900	OK	 
USER	Admins	END	1668587277902
REQUEST		Page 2	1668587277695	1668587277917	OK	 
USER	Users	END	1668587278035
REQUEST		Page 3	1668587277856	1668587278077	OK	 
USER	Users	END	1668587279079
REQUEST		Page 3	1668587278919	1668587279140	OK	 
USER	Users	END	1668587280142
